[0m16:34:06.204869 [debug] [MainThread]: Sending event: {'category': 'dbt', 'action': 'invocation', 'label': 'start', 'context': [<snowplow_tracker.self_describing_json.SelfDescribingJson object at 0x0000025ED0F4F1A0>, <snowplow_tracker.self_describing_json.SelfDescribingJson object at 0x0000025ED0F4F0B0>, <snowplow_tracker.self_describing_json.SelfDescribingJson object at 0x0000025ED0F4F170>]}


============================== 16:34:06.208892 | eff4d2d7-9642-417e-8065-4e859a362c59 ==============================
[0m16:34:06.208892 [info ] [MainThread]: Running with dbt=1.11.0-b3
[0m16:34:06.208892 [debug] [MainThread]: running dbt with arguments {'partial_parse': 'True', 'write_json': 'True', 'send_anonymous_usage_stats': 'True', 'use_colors': 'True', 'cache_selected_only': 'False', 'target_path': 'None', 'warn_error': 'None', 'invocation_command': 'dbt init Data_DW', 'log_format': 'default', 'version_check': 'True', 'introspect': 'True', 'debug': 'False', 'printer_width': '80', 'fail_fast': 'False', 'no_print': 'None', 'quiet': 'False', 'empty': 'None', 'log_cache_events': 'False', 'use_experimental_parser': 'False', 'indirect_selection': 'eager', 'log_path': 'logs', 'profiles_dir': 'C:\\Users\\Minh Dat\\.dbt', 'static_parser': 'True', 'warn_error_options': 'WarnErrorOptionsV2(error=[], warn=[], silence=[])'}
[0m16:34:06.230367 [debug] [MainThread]: Starter project path: C:\Users\Minh Dat\AppData\Roaming\Python\Python312\site-packages\dbt\include\starter_project
[0m16:34:06.252152 [info ] [MainThread]: 
Your new dbt project "Data_DW" was created!

For more information on how to configure the profiles.yml file,
please consult the dbt documentation here:

  https://docs.getdbt.com/docs/configure-your-profile

One more thing:

Need help? Don't hesitate to reach out to us via GitHub issues or on Slack:

  https://community.getdbt.com/

Happy modeling!

[0m16:34:06.253138 [info ] [MainThread]: Setting up your profile.
[0m16:36:07.741263 [info ] [MainThread]: Profile Data_DW written to C:\Users\Minh Dat\.dbt\profiles.yml using target's profile_template.yml and your supplied values. Run 'dbt debug' to validate the connection.
[0m16:36:07.743289 [debug] [MainThread]: Command `dbt init` succeeded at 16:36:07.743289 after 121.66 seconds
[0m16:36:07.744285 [debug] [MainThread]: Sending event: {'category': 'dbt', 'action': 'invocation', 'label': 'end', 'context': [<snowplow_tracker.self_describing_json.SelfDescribingJson object at 0x0000025ED0F4F3E0>, <snowplow_tracker.self_describing_json.SelfDescribingJson object at 0x0000025EE9442360>, <snowplow_tracker.self_describing_json.SelfDescribingJson object at 0x0000025EE9441AC0>]}
[0m16:36:07.744285 [debug] [MainThread]: Flushing usage events
[0m16:36:10.437747 [debug] [MainThread]: An error was encountered while trying to flush usage events
[0m17:08:25.825392 [debug] [MainThread]: Sending event: {'category': 'dbt', 'action': 'invocation', 'label': 'start', 'context': [<snowplow_tracker.self_describing_json.SelfDescribingJson object at 0x000001C5FD0D7A40>, <snowplow_tracker.self_describing_json.SelfDescribingJson object at 0x000001C5FFB422A0>, <snowplow_tracker.self_describing_json.SelfDescribingJson object at 0x000001C5FFB403E0>]}


============================== 17:08:25.829391 | 5a6e1a8b-ad71-4b09-a44f-1824364f06f6 ==============================
[0m17:08:25.829391 [info ] [MainThread]: Running with dbt=1.11.0-b3
[0m17:08:25.830393 [debug] [MainThread]: running dbt with arguments {'partial_parse': 'True', 'warn_error_options': 'WarnErrorOptionsV2(error=[], warn=[], silence=[])', 'send_anonymous_usage_stats': 'True', 'version_check': 'True', 'cache_selected_only': 'False', 'target_path': 'None', 'use_colors': 'True', 'invocation_command': 'dbt deps', 'log_format': 'default', 'warn_error': 'None', 'introspect': 'True', 'debug': 'False', 'printer_width': '80', 'fail_fast': 'False', 'no_print': 'None', 'empty': 'None', 'quiet': 'False', 'log_cache_events': 'False', 'use_experimental_parser': 'False', 'log_path': 'logs', 'indirect_selection': 'eager', 'profiles_dir': 'C:\\Users\\Minh Dat\\.dbt', 'static_parser': 'True', 'write_json': 'True'}
[0m17:08:25.830393 [error] [MainThread]: Encountered an error:
Runtime Error
  No dbt_project.yml found at expected path D:\datawwh\Data\dbt_project.yml
  Verify that each entry within packages.yml (and their transitive dependencies) contains a file named dbt_project.yml
  
[0m17:08:25.832422 [debug] [MainThread]: Command `dbt deps` failed at 17:08:25.832422 after 0.13 seconds
[0m17:08:25.832422 [debug] [MainThread]: Sending event: {'category': 'dbt', 'action': 'invocation', 'label': 'end', 'context': [<snowplow_tracker.self_describing_json.SelfDescribingJson object at 0x000001C580390350>, <snowplow_tracker.self_describing_json.SelfDescribingJson object at 0x000001C58037EFC0>, <snowplow_tracker.self_describing_json.SelfDescribingJson object at 0x000001C5FD0D7A40>]}
[0m17:08:25.832422 [debug] [MainThread]: Flushing usage events
[0m17:08:27.206242 [debug] [MainThread]: An error was encountered while trying to flush usage events
